<?xml version="1.0" encoding="UTF-8"?>
<testng-results skipped="0" failed="0" total="1" passed="1">
  <reporter-output>
  </reporter-output>
  <suite name="Suite" duration-ms="27" started-at="2020-01-27T12:11:16Z" finished-at="2020-01-27T12:11:16Z">
    <groups>
    </groups>
    <test name="Test" duration-ms="27" started-at="2020-01-27T12:11:16Z" finished-at="2020-01-27T12:11:16Z">
      <class name="jenkinsDem.JenkinsDemo">
        <test-method status="PASS" signature="TestJenkins()[pri:0, instance:jenkinsDem.JenkinsDemo@387c703b]" name="TestJenkins" duration-ms="8" started-at="2020-01-27T17:41:16Z" finished-at="2020-01-27T17:41:16Z">
          <reporter-output>
          </reporter-output>
        </test-method> <!-- TestJenkins -->
      </class> <!-- jenkinsDem.JenkinsDemo -->
    </test> <!-- Test -->
  </suite> <!-- Suite -->
</testng-results>
