<?xml version="1.0" encoding="UTF-8"?>
<testng-results skipped="0" failed="0" total="1" passed="1">
  <reporter-output>
  </reporter-output>
  <suite name="Suite" duration-ms="18" started-at="2020-01-26T16:54:07Z" finished-at="2020-01-26T16:54:07Z">
    <groups>
    </groups>
    <test name="Test" duration-ms="18" started-at="2020-01-26T16:54:07Z" finished-at="2020-01-26T16:54:07Z">
      <class name="jenkinsDem.JenkinsDemo">
        <test-method status="PASS" signature="TestJenkins()[pri:0, instance:jenkinsDem.JenkinsDemo@de0a01f]" name="TestJenkins" duration-ms="6" started-at="2020-01-26T22:24:07Z" finished-at="2020-01-26T22:24:07Z">
          <reporter-output>
          </reporter-output>
        </test-method> <!-- TestJenkins -->
      </class> <!-- jenkinsDem.JenkinsDemo -->
    </test> <!-- Test -->
  </suite> <!-- Suite -->
</testng-results>
